<?xml version="1.0" encoding="UTF-8"?>
<!-- Generated by org.testng.reporters.JUnitXMLReporter -->
<testsuite ignored="6" hostname="ANIL" failures="0" tests="4" name="Book store  Positive test" time="50.703" errors="0" timestamp="2023-05-14T16:25:47 IST">
  <testcase classname="futuretrend.alltest.BookStoreCase1" name="searchbookstorecase1" time="5.239"/>
  <testcase classname="futuretrend.alltest.BookStoreCase2" name="searchbookstorecase1" time="4.931"/>
  <testcase classname="futuretrend.alltest.BookStoreCase3" name="searchbookstorecase1" time="6.652"/>
  <testcase classname="futuretrend.alltest.BookStoreCase4" name="purchasebook" time="5.158"/>
  <testcase classname="futuretrend.driverfactory.TestBase" name="@AfterSuite closereporting" time="0.0">
    <ignored/>
  </testcase> <!-- @AfterSuite closereporting -->
  <testcase classname="futuretrend.driverfactory.TestBase" name="@AfterSuite closereporting" time="0.0">
    <ignored/>
  </testcase> <!-- @AfterSuite closereporting -->
  <testcase classname="futuretrend.driverfactory.TestBase" name="@AfterSuite closereporting" time="0.0">
    <ignored/>
  </testcase> <!-- @AfterSuite closereporting -->
  <testcase classname="futuretrend.driverfactory.TestBase" name="@BeforeSuite startReporting" time="0.0">
    <ignored/>
  </testcase> <!-- @BeforeSuite startReporting -->
  <testcase classname="futuretrend.driverfactory.TestBase" name="@BeforeSuite startReporting" time="0.0">
    <ignored/>
  </testcase> <!-- @BeforeSuite startReporting -->
  <testcase classname="futuretrend.driverfactory.TestBase" name="@BeforeSuite startReporting" time="0.0">
    <ignored/>
  </testcase> <!-- @BeforeSuite startReporting -->
</testsuite> <!-- Book store  Positive test -->
