<?xml version="1.0" encoding="UTF-8"?>
<!-- Generated by org.testng.reporters.JUnitXMLReporter -->
<testsuite ignored="4" hostname="ANIL" failures="0" tests="3" name="Book store  Negatiive test" time="125.253" errors="0" timestamp="2023-05-14T16:27:52 IST">
  <testcase classname="futuretrend.alltest.BookStoreNegativeCase1" name="searchbookstorecasenegative1" time="34.541"/>
  <testcase classname="futuretrend.alltest.BookStoreNegativeCase2" name="searchbookstorecasenegative2" time="35.261"/>
  <testcase classname="futuretrend.alltest.BookStoreNegativeCase3" name="searchbookstorecasenegative3" time="35.254"/>
  <testcase classname="futuretrend.driverfactory.TestBase" name="@AfterSuite closereporting" time="0.0">
    <ignored/>
  </testcase> <!-- @AfterSuite closereporting -->
  <testcase classname="futuretrend.driverfactory.TestBase" name="@AfterSuite closereporting" time="0.0">
    <ignored/>
  </testcase> <!-- @AfterSuite closereporting -->
  <testcase classname="futuretrend.driverfactory.TestBase" name="@BeforeSuite startReporting" time="0.0">
    <ignored/>
  </testcase> <!-- @BeforeSuite startReporting -->
  <testcase classname="futuretrend.driverfactory.TestBase" name="@BeforeSuite startReporting" time="0.0">
    <ignored/>
  </testcase> <!-- @BeforeSuite startReporting -->
</testsuite> <!-- Book store  Negatiive test -->
