<?xml version="1.0" encoding="UTF-8"?>
<testng-results ignored="0" total="1" passed="1" failed="0" skipped="0">
  <reporter-output>
  </reporter-output>
  <suite started-at="2023-05-13T18:48:04 IST" name="Login Suite" finished-at="2023-05-13T18:48:19 IST" duration-ms="14068">
    <groups>
    </groups>
    <test started-at="2023-05-13T18:48:04 IST" name="Login test" finished-at="2023-05-13T18:48:19 IST" duration-ms="14068">
      <class name="futuretrend.alltest.LoginTest">
        <test-method is-config="true" signature="startReporting()[pri:0, instance:futuretrend.alltest.LoginTest@49049a04]" started-at="2023-05-13T18:48:03 IST" name="startReporting" finished-at="2023-05-13T18:48:04 IST" duration-ms="1044" status="PASS">
          <reporter-output>
          </reporter-output>
        </test-method> <!-- startReporting -->
        <test-method is-config="true" signature="startTest()[pri:0, instance:futuretrend.alltest.LoginTest@49049a04]" started-at="2023-05-13T18:48:05 IST" name="startTest" finished-at="2023-05-13T18:48:12 IST" duration-ms="6906" status="PASS">
          <reporter-output>
          </reporter-output>
        </test-method> <!-- startTest -->
        <test-method signature="loginCase()[pri:0, instance:futuretrend.alltest.LoginTest@49049a04]" started-at="2023-05-13T18:48:12 IST" name="loginCase" finished-at="2023-05-13T18:48:17 IST" duration-ms="5876" status="PASS">
          <reporter-output>
          </reporter-output>
        </test-method> <!-- loginCase -->
        <test-method is-config="true" signature="closeTest()[pri:0, instance:futuretrend.alltest.LoginTest@49049a04]" started-at="2023-05-13T18:48:17 IST" name="closeTest" finished-at="2023-05-13T18:48:19 IST" duration-ms="1159" status="PASS">
          <reporter-output>
          </reporter-output>
        </test-method> <!-- closeTest -->
        <test-method is-config="true" signature="closereporting()[pri:0, instance:futuretrend.alltest.LoginTest@49049a04]" started-at="2023-05-13T18:48:19 IST" name="closereporting" finished-at="2023-05-13T18:48:20 IST" duration-ms="906" status="PASS">
          <reporter-output>
          </reporter-output>
        </test-method> <!-- closereporting -->
      </class> <!-- futuretrend.alltest.LoginTest -->
    </test> <!-- Login test -->
  </suite> <!-- Login Suite -->
</testng-results>
