<?xml version="1.0" encoding="UTF-8"?>
<testng-results ignored="0" total="1" passed="1" failed="0" skipped="0">
  <reporter-output>
  </reporter-output>
  <suite started-at="2023-05-13T15:32:45 IST" name="Login Suite" finished-at="2023-05-13T15:32:59 IST" duration-ms="14200">
    <groups>
    </groups>
    <test started-at="2023-05-13T15:32:45 IST" name="Login test" finished-at="2023-05-13T15:32:59 IST" duration-ms="14200">
      <class name="futuretrend.alltest.LoginTest">
        <test-method is-config="true" signature="startReporting()[pri:0, instance:futuretrend.alltest.LoginTest@316bcf94]" started-at="2023-05-13T15:32:45 IST" name="startReporting" finished-at="2023-05-13T15:32:45 IST" duration-ms="579" status="PASS">
          <reporter-output>
          </reporter-output>
        </test-method> <!-- startReporting -->
        <test-method is-config="true" signature="startTest()[pri:0, instance:futuretrend.alltest.LoginTest@316bcf94]" started-at="2023-05-13T15:32:45 IST" name="startTest" finished-at="2023-05-13T15:32:50 IST" duration-ms="4718" status="PASS">
          <reporter-output>
          </reporter-output>
        </test-method> <!-- startTest -->
        <test-method signature="loginCase()[pri:0, instance:futuretrend.alltest.LoginTest@316bcf94]" started-at="2023-05-13T15:32:50 IST" name="loginCase" finished-at="2023-05-13T15:32:59 IST" duration-ms="8932" status="PASS">
          <reporter-output>
          </reporter-output>
        </test-method> <!-- loginCase -->
        <test-method is-config="true" signature="closeTest()[pri:0, instance:futuretrend.alltest.LoginTest@316bcf94]" started-at="2023-05-13T15:32:59 IST" name="closeTest" finished-at="2023-05-13T15:32:59 IST" duration-ms="499" status="PASS">
          <reporter-output>
          </reporter-output>
        </test-method> <!-- closeTest -->
        <test-method is-config="true" signature="closereporting()[pri:0, instance:futuretrend.alltest.LoginTest@316bcf94]" started-at="2023-05-13T15:32:59 IST" name="closereporting" finished-at="2023-05-13T15:33:00 IST" duration-ms="773" status="PASS">
          <reporter-output>
          </reporter-output>
        </test-method> <!-- closereporting -->
      </class> <!-- futuretrend.alltest.LoginTest -->
    </test> <!-- Login test -->
  </suite> <!-- Login Suite -->
</testng-results>
