<?xml version="1.0" encoding="UTF-8"?>
<testng-results ignored="0" total="1" passed="1" failed="0" skipped="0">
  <reporter-output>
  </reporter-output>
  <suite started-at="2023-05-14T19:11:32 IST" name="Radio button suite" finished-at="2023-05-14T19:11:49 IST" duration-ms="16216">
    <groups>
    </groups>
    <test started-at="2023-05-14T19:11:32 IST" name="Radio button form test" finished-at="2023-05-14T19:11:49 IST" duration-ms="16216">
      <class name="futuretrend.alltest.RadioButtonTest">
        <test-method is-config="true" signature="startReporting()[pri:0, instance:futuretrend.alltest.RadioButtonTest@316bcf94]" started-at="2023-05-14T19:11:32 IST" name="startReporting" finished-at="2023-05-14T19:11:32 IST" duration-ms="715" status="PASS">
          <reporter-output>
          </reporter-output>
        </test-method> <!-- startReporting -->
        <test-method is-config="true" signature="startTest()[pri:0, instance:futuretrend.alltest.RadioButtonTest@316bcf94]" started-at="2023-05-14T19:11:32 IST" name="startTest" finished-at="2023-05-14T19:11:43 IST" duration-ms="10113" status="PASS">
          <reporter-output>
          </reporter-output>
        </test-method> <!-- startTest -->
        <test-method signature="radiobuttoncase()[pri:0, instance:futuretrend.alltest.RadioButtonTest@316bcf94]" started-at="2023-05-14T19:11:43 IST" name="radiobuttoncase" finished-at="2023-05-14T19:11:48 IST" duration-ms="5224" status="PASS">
          <reporter-output>
          </reporter-output>
        </test-method> <!-- radiobuttoncase -->
        <test-method is-config="true" signature="closeTest()[pri:0, instance:futuretrend.alltest.RadioButtonTest@316bcf94]" started-at="2023-05-14T19:11:48 IST" name="closeTest" finished-at="2023-05-14T19:11:49 IST" duration-ms="833" status="PASS">
          <reporter-output>
          </reporter-output>
        </test-method> <!-- closeTest -->
        <test-method is-config="true" signature="closereporting()[pri:0, instance:futuretrend.alltest.RadioButtonTest@316bcf94]" started-at="2023-05-14T19:11:49 IST" name="closereporting" finished-at="2023-05-14T19:11:50 IST" duration-ms="942" status="PASS">
          <reporter-output>
          </reporter-output>
        </test-method> <!-- closereporting -->
      </class> <!-- futuretrend.alltest.RadioButtonTest -->
    </test> <!-- Radio button form test -->
  </suite> <!-- Radio button suite -->
</testng-results>
