<?xml version="1.0" encoding="UTF-8"?>
<!-- Generated by org.testng.reporters.JUnitXMLReporter -->
<testsuite ignored="2" hostname="ANIL" failures="0" tests="2" name="Login test" time="16.266" errors="0" timestamp="2023-05-14T15:19:19 IST">
  <testcase classname="futuretrend.driverfactory.TestBase" name="@BeforeMethod startTest" time="9.404">
    <failure type="java.lang.NullPointerException" message="Cannot invoke &amp;quot;com.aventstack.extentreports.ExtentTest.log(com.aventstack.extentreports.Status, String)&amp;quot; because &amp;quot;futuretrend.utilties.CommonFunction.childtest&amp;quot; is null">
      <![CDATA[java.lang.NullPointerException: Cannot invoke "com.aventstack.extentreports.ExtentTest.log(com.aventstack.extentreports.Status, String)" because "futuretrend.utilties.CommonFunction.childtest" is null
at futuretrend.utilties.CommonFunction.launchURL(CommonFunction.java:263)
at futuretrend.driverfactory.TestBase.startTest(TestBase.java:41)
at java.base/java.util.ArrayList.forEach(ArrayList.java:1511)
... Removed 31 stack frames]]>
    </failure>
  </testcase> <!-- @BeforeMethod startTest -->
  <testcase classname="futuretrend.driverfactory.TestBase" name="@AfterMethod closeTest" time="-1.684057753008E9">
    <skipped/>
  </testcase> <!-- @AfterMethod closeTest -->
  <testcase classname="futuretrend.driverfactory.TestBase" name="@BeforeMethod startTest" time="6.646">
    <failure type="java.lang.NullPointerException" message="Cannot invoke &amp;quot;com.aventstack.extentreports.ExtentTest.log(com.aventstack.extentreports.Status, String)&amp;quot; because &amp;quot;futuretrend.utilties.CommonFunction.childtest&amp;quot; is null">
      <![CDATA[java.lang.NullPointerException: Cannot invoke "com.aventstack.extentreports.ExtentTest.log(com.aventstack.extentreports.Status, String)" because "futuretrend.utilties.CommonFunction.childtest" is null
at futuretrend.utilties.CommonFunction.launchURL(CommonFunction.java:263)
at futuretrend.driverfactory.TestBase.startTest(TestBase.java:41)
at java.base/java.util.ArrayList.forEach(ArrayList.java:1511)
... Removed 31 stack frames]]>
    </failure>
  </testcase> <!-- @BeforeMethod startTest -->
  <testcase classname="futuretrend.driverfactory.TestBase" name="@AfterMethod closeTest" time="-1.684057759744E9">
    <skipped/>
  </testcase> <!-- @AfterMethod closeTest -->
  <testcase classname="futuretrend.alltest.LoginTest" name="loginCase" time="0.001">
    <skipped/>
  </testcase> <!-- loginCase -->
  <testcase classname="futuretrend.alltest.NegativeLoginCase1" name="negativeLoginCase1" time="0.0">
    <skipped/>
  </testcase> <!-- negativeLoginCase1 -->
  <testcase classname="futuretrend.driverfactory.TestBase" name="@AfterSuite closereporting" time="0.0">
    <ignored/>
  </testcase> <!-- @AfterSuite closereporting -->
  <testcase classname="futuretrend.driverfactory.TestBase" name="@BeforeSuite startReporting" time="0.0">
    <ignored/>
  </testcase> <!-- @BeforeSuite startReporting -->
</testsuite> <!-- Login test -->
